[DEBUG][auth.go:18]2020/09/15 15:38:05 
[context:
 0xc00029ee10]
[INFO][auth.go:25]2020/09/15 15:38:05 
[user {  0}]
[INFO][auth.go:37]2020/09/15 15:38:05 
[ ]
[INFO][auth.go:39]2020/09/15 15:38:05 
[userinterface map[password: role:0 username:]]
[INFO][auth.go:41]2020/09/15 15:38:05 
[Checking Username,  ]
[INFO][auth.go:42]2020/09/15 15:38:05 
[Checking username,  ]
[INFO][auth.go:43]2020/09/15 15:38:05 
[Checking userName,  0xc000365200]
[DEBUG][auth.go:18]2020/09/15 15:41:34 
[context:
 0xc0003c6000]
[INFO][auth.go:25]2020/09/15 15:41:34 
[user {  0}]
[INFO][auth.go:37]2020/09/15 15:41:34 
[ ]
[INFO][auth.go:39]2020/09/15 15:41:34 
[userinterface map[password: role: username:]]
[INFO][auth.go:41]2020/09/15 15:41:34 
[Checking Username,  ]
[INFO][auth.go:42]2020/09/15 15:41:34 
[Checking username,  ]
[INFO][auth.go:43]2020/09/15 15:41:34 
[Checking userName,  0xc000354c60]
[DEBUG][auth.go:18]2020/09/15 15:42:50 
[context:
 0xc000298e10]
[DEBUG][auth.go:23]2020/09/15 15:43:17 
[context:
 0xc000394000]
[DEBUG][auth.go:23]2020/09/15 15:44:05 
[context:
 0xc0003ae000]
[DEBUG][auth.go:23]2020/09/15 15:44:58 
[context:
 0xc0003be000]
[DEBUG][auth.go:38]2020/09/15 15:44:58 
[Logging in user:  ]
[DEBUG][auth.go:37]2020/09/15 15:45:52 
[Logging in user:  ]
[DEBUG][auth.go:37]2020/09/15 15:45:57 
[Logging in user:  ]
[DEBUG][auth.go:37]2020/09/15 15:48:00 
[Logging in user:  ]
[DEBUG][auth.go:30]2020/09/15 15:56:15 
[Username:  <nil>]
[DEBUG][auth.go:38]2020/09/15 15:56:15 
[Logging in user:  ]
[DEBUG][auth.go:30]2020/09/15 15:56:39 
[Username:  <nil>]
[DEBUG][auth.go:38]2020/09/15 15:56:39 
[Logging in user:  ]
[DEBUG][auth.go:30]2020/09/15 15:56:52 
[Username:  <nil>]
[DEBUG][auth.go:38]2020/09/15 15:56:52 
[Logging in user:  ]
[DEBUG][auth.go:30]2020/09/15 15:57:56 
[Username:  map[]]
[DEBUG][auth.go:38]2020/09/15 15:57:56 
[Logging in user:  ]
[DEBUG][auth.go:30]2020/09/15 15:58:14 
[Username:  ]
[DEBUG][auth.go:38]2020/09/15 15:58:14 
[Logging in user:  ]
[DEBUG][auth.go:30]2020/09/15 15:58:41 
[Username:  ]
[DEBUG][auth.go:38]2020/09/15 15:58:41 
[Logging in user:  ]
[DEBUG][auth.go:30]2020/09/15 16:00:02 
[Username:  ]
[DEBUG][auth.go:38]2020/09/15 16:00:02 
[Logging in user:  ]
[DEBUG][auth.go:34]2020/09/15 16:01:28 
[Username:  {"username":"testy","password":"test"}]
[DEBUG][auth.go:42]2020/09/15 16:01:28 
[Logging in user:  ]
[DEBUG][auth.go:41]2020/09/15 16:02:06 
[Logging in user:  ]
[DEBUG][auth.go:41]2020/09/15 16:04:26 
[Logging in user:  ]
[DEBUG][auth.go:41]2020/09/15 16:07:42 
[Logging in user:  <nil>]
[DEBUG][auth.go:34]2020/09/15 16:12:35 
[Hi kieran [123 34 117 115 101 114 110 97 109 101 34 58 34 116 101 115 116 121 34 44 34 112 97 115 115 119 111 114 100 34 58 34 116 101 115 116 34 125]]
[DEBUG][auth.go:34]2020/09/15 16:13:16 
[Hi kieran [123 34 117 115 101 114 110 97 109 101 34 58 34 116 101 115 116 121 34 44 34 112 97 115 115 119 111 114 100 34 58 34 116 101 115 116 34 125]]
[DEBUG][auth.go:34]2020/09/15 16:13:34 
[Hi kieran {"username":"testy","password":"test"}]
[DEBUG][auth.go:34]2020/09/15 16:13:52 
[Hi kieran {"username":"testy","password":"test"}]
[DEBUG][auth.go:42]2020/09/15 16:13:52 
[map[]]
[DEBUG][auth.go:34]2020/09/15 16:14:16 
[Hi kieran {"username":"testy","password":"test"}]
[DEBUG][auth.go:42]2020/09/15 16:14:16 
[map[]]
[DEBUG][auth.go:34]2020/09/15 16:16:04 
[Hi kieran {"username":"testy","password":"test"}]
[DEBUG][auth.go:38]2020/09/15 16:16:04 
[map[password:test username:testy]]
[DEBUG][auth.go:36]2020/09/15 16:17:10 
[map[password:test username:testy]]
[DEBUG][auth.go:36]2020/09/15 16:18:57 
[map[password:test username:testy]]
[DEBUG][auth.go:36]2020/09/15 16:19:26 
[map[password:test role: username:testy]]
[DEBUG][auth.go:38]2020/09/15 16:22:58 
[map[password:test role: username:testy]]
[DEBUG][auth.go:38]2020/09/15 16:27:43 
[map[password:test role: username:testy]]
[DEBUG][auth.go:38]2020/09/15 16:30:11 
[map[password:test role: username:testy]]
[DEBUG][auth.go:38]2020/09/15 16:30:35 
[map[password:test role: username:testy]]
[DEBUG][auth.go:38]2020/09/15 16:36:05 
[map[password:test role: username:testy]]
[DEBUG][auth.go:38]2020/09/15 16:37:22 
[map[password:test role: username:testy]]
[DEBUG][auth.go:38]2020/09/15 16:37:39 
[map[password:test role: username:testy]]
[DEBUG][auth.go:38]2020/09/15 17:45:28 
[map[password:test role: username:testy]]
[DEBUG][auth.go:38]2020/09/15 18:04:51 
[map[password:test role: username:testy]]
[DEBUG][auth.go:38]2020/09/15 18:08:02 
[map[password:test role: username:testy]]
[DEBUG][jwt.go:22]2020/09/15 18:08:02 
[Data:  [123 34 116 111 107 101 110 34 58 34 101 121 74 104 98 71 99 105 79 105 74 73 85 122 73 49 78 105 73 115 73 110 82 53 99 67 73 54 73 107 112 88 86 67 74 57 46 101 121 74 49 99 50 86 121 98 109 70 116 90 83 73 54 73 106 74 105 79 84 73 122 90 106 85 51 89 84 81 50 77 68 78 109 89 122 99 122 89 87 73 120 79 68 74 105 77 50 89 53 77 122 85 50 78 50 89 121 73 105 119 105 99 71 70 122 99 51 100 118 99 109 81 105 79 105 73 119 79 84 104 109 78 109 74 106 90 68 81 50 77 106 70 107 77 122 99 122 89 50 70 107 90 84 82 108 79 68 77 121 78 106 73 51 89 106 82 109 78 105 73 115 73 109 86 52 99 67 73 54 77 84 89 119 77 68 73 119 77 68 81 52 77 105 119 105 97 88 78 122 73 106 111 105 89 50 70 112 99 109 82 108 73 110 48 46 87 102 73 83 71 48 114 57 102 83 109 74 77 79 76 100 101 70 86 51 51 84 72 103 80 97 86 113 122 114 57 101 48 67 76 106 107 45 76 55 84 78 77 34 125]]
[DEBUG][auth.go:38]2020/09/15 18:09:59 
[map[password:test role: username:testy]]
[DEBUG][jwt.go:27]2020/09/15 18:09:59 
[Data:  [123 34 116 111 107 101 110 34 58 34 101 121 74 104 98 71 99 105 79 105 74 73 85 122 73 49 78 105 73 115 73 110 82 53 99 67 73 54 73 107 112 88 86 67 74 57 46 101 121 74 49 99 50 86 121 98 109 70 116 90 83 73 54 73 106 74 105 79 84 73 122 90 106 85 51 89 84 81 50 77 68 78 109 89 122 99 122 89 87 73 120 79 68 74 105 77 50 89 53 77 122 85 50 78 50 89 121 73 105 119 105 99 71 70 122 99 51 100 118 99 109 81 105 79 105 73 119 79 84 104 109 78 109 74 106 90 68 81 50 77 106 70 107 77 122 99 122 89 50 70 107 90 84 82 108 79 68 77 121 78 106 73 51 89 106 82 109 78 105 73 115 73 109 86 52 99 67 73 54 77 84 89 119 77 68 73 119 77 68 85 53 79 83 119 105 97 88 78 122 73 106 111 105 89 50 70 112 99 109 82 108 73 110 48 46 73 78 69 101 51 49 95 65 69 97 77 67 111 68 112 69 84 55 110 110 81 72 83 119 102 55 49 56 106 108 73 97 106 109 83 111 48 84 65 75 74 45 115 34 125]]
[DEBUG][jwt.go:28]2020/09/15 18:09:59 
[Data:  {"token":"eyJhbGciOiJIUzI1NiIsInR5cCI6IkpXVCJ9.eyJ1c2VybmFtZSI6IjJiOTIzZjU3YTQ2MDNmYzczYWIxODJiM2Y5MzU2N2YyIiwicGFzc3dvcmQiOiIwOThmNmJjZDQ2MjFkMzczY2FkZTRlODMyNjI3YjRmNiIsImV4cCI6MTYwMDIwMDU5OSwiaXNzIjoiY2FpcmRlIn0.INEe31_AEaMCoDpET7nnQHSwf718jlIajmSo0TAKJ-s"}]
[DEBUG][jwt.go:29]2020/09/15 18:09:59 
[Data:  [34 101 121 74 48 98 50 116 108 98 105 73 54 73 109 86 53 83 109 104 105 82 50 78 112 84 50 108 75 83 86 86 54 83 84 70 79 97 85 108 122 83 87 53 83 78 87 78 68 83 84 90 74 97 51 66 89 86 107 78 75 79 83 53 108 101 85 111 120 89 122 74 87 101 87 74 116 82 110 82 97 85 48 107 50 83 87 112 75 97 85 57 85 83 88 112 97 97 108 85 122 87 86 82 82 77 107 49 69 84 109 49 90 101 109 78 54 87 86 100 74 101 69 57 69 83 109 108 78 77 108 107 49 84 88 112 86 77 107 52 121 87 88 108 74 97 88 100 112 89 48 100 71 101 109 77 122 90 72 90 106 98 86 70 112 84 50 108 74 100 48 57 85 97 71 49 79 98 85 112 113 87 107 82 82 77 107 49 113 82 109 116 78 101 109 78 54 87 84 74 71 97 49 112 85 85 109 120 80 82 69 49 53 84 109 112 74 77 49 108 113 85 109 49 79 97 85 108 122 83 87 49 87 78 71 78 68 83 84 90 78 86 70 108 51 84 85 82 74 100 48 49 69 86 84 86 80 85 51 100 112 89 86 104 79 101 107 108 113 98 50 108 90 77 107 90 119 89 50 49 83 98 69 108 117 77 67 53 74 84 107 86 108 77 122 70 102 81 85 86 104 84 85 78 118 82 72 66 70 86 68 100 117 98 108 70 73 85 51 100 109 78 122 69 52 97 109 120 74 89 87 112 116 85 50 56 119 86 69 70 76 83 105 49 122 73 110 48 61 34]]
[DEBUG][auth.go:38]2020/09/15 18:13:07 
[map[password:test role: username:testy]]
[DEBUG][jwt.go:29]2020/09/15 18:13:07 
[Data:  {"token":"eyJhbGciOiJIUzI1NiIsInR5cCI6IkpXVCJ9.eyJ1c2VybmFtZSI6IjJiOTIzZjU3YTQ2MDNmYzczYWIxODJiM2Y5MzU2N2YyIiwicGFzc3dvcmQiOiIwOThmNmJjZDQ2MjFkMzczY2FkZTRlODMyNjI3YjRmNiIsImV4cCI6MTYwMDIwMDc4NywiaXNzIjoiY2FpcmRlIn0.uF48hwvPBLjxm5m27S09hqMWEfLMCHk-Qi8lWkOu8Yk"}]
[DEBUG][auth.go:38]2020/09/15 18:16:48 
[map[password:test role: username:testy]]
[DEBUG][auth.go:38]2020/09/15 18:18:04 
[map[password:test role: username:testy]]
[DEBUG][auth.go:38]2020/09/15 19:02:02 
[map[password:test role: username:testy]]
[DEBUG][auth.go:38]2020/09/15 19:33:58 
[{"username":"testy","password":"test","role":0}]
[INFO][auth.go:66]2020/09/15 19:38:22 
[Signing up new user:  {0 testy $2a$08$zeb.EMN2dKGLZJ7Px0VnfO2izZPSdwfJRZoOrUePZiJnnIchDBpaW 1 0}]
[DEBUG][auth.go:38]2020/09/15 19:38:22 
[[123 34 117 115 101 114 110 97 109 101 34 58 34 116 101 115 116 121 34 44 34 112 97 115 115 119 111 114 100 34 58 34 116 101 115 116 34 44 34 114 111 108 101 34 58 48 125]]
[INFO][auth.go:66]2020/09/15 19:45:28 
[Signing up new user:  {0 testy $2a$08$R.ft53m62uN8FBCxD35tKO29EMcwpx8ISUI7i/c9sWFiWLheat63e 1 0}]
[INFO][auth.go:38]2020/09/15 19:45:28 
[Signing in  testy]
[INFO][auth.go:43]2020/09/15 19:47:48 
[Signing in  ]
[DEBUG][auth.go:32]2020/09/15 19:56:58 
[{"username":"testy","password":"test","role":0}]
[DEBUG][auth.go:46]2020/09/15 20:39:33 
[map[password: role:0 username:]]
