[INFO][purchases.go:54]2020/09/14 17:31:25 
[{0 0  1  2020-09-14 17:31:25 }]
[INFO][purchases.go:54]2020/09/14 17:31:32 
[{0 0  1  2020-09-14 17:31:32 }]
[INFO][purchases.go:54]2020/09/14 17:32:30 
[{0 0  1  2020-09-14 17:32:30 }]
[INFO][purchases.go:54]2020/09/14 17:40:12 
[{0 0  1  2020-09-14 17:40:12 }]
[INFO][purchases.go:54]2020/09/14 17:41:46 
[Item id:  0]
[INFO][purchases.go:55]2020/09/14 17:41:46 
[{0 0  1  2020-09-14 17:41:46 }]
[INFO][purchases.go:54]2020/09/14 17:43:04 
[0]
[INFO][purchases.go:55]2020/09/14 17:43:04 
[{0 0  1  2020-09-14 17:43:04 }]
[INFO][purchases.go:54]2020/09/14 17:44:40 
[]
[INFO][purchases.go:55]2020/09/14 17:44:40 
[]
[INFO][purchases.go:45]2020/09/14 17:48:51 
[map[collection_time: cust_name: email: item_id:0]]
[INFO][customer.go:59]2020/09/14 17:56:59 
[{0   }]
[INFO][purchases.go:45]2020/09/14 17:56:59 
[map[collection_time: cust_name: email: item_id:0]]
[INFO][customer.go:59]2020/09/14 17:58:01 
[{0   }]
[INFO][purchases.go:45]2020/09/14 17:58:01 
[map[collection_time: cust_name: email: item_id:0]]
[INFO][customer.go:59]2020/09/14 18:01:12 
[{1 test@test.com Test Testington 2020-09-20}]
[INFO][purchases.go:45]2020/09/14 18:01:12 
[map[collection_time:2020-09-20 cust_name:Test Testington email:test@test.com item_id:1]]
[WARN][auth.go:59]2020/09/14 19:15:41 
[%v Error 1054: Unknown column 'is_del' in 'field list']
[WARN][auth.go:59]2020/09/14 19:16:23 
[%v Error 1054: Unknown column 'is_del' in 'field list']
[WARN][auth.go:59]2020/09/14 19:18:58 
[%v Error 1054: Unknown column 'is_del' in 'field list']
[INFO][auth.go:49]2020/09/14 19:21:17 
[Signing up user:   
  
 0]
[WARN][auth.go:59]2020/09/14 19:21:17 
[%v Error 1054: Unknown column 'is_del' in 'field list']
[INFO][auth.go:49]2020/09/14 19:22:14 
[Signing up user:   
  
 0]
[WARN][auth.go:59]2020/09/14 19:22:14 
[%v Error 1054: Unknown column 'is_del' in 'field list']
[INFO][auth.go:49]2020/09/14 19:34:54 
[Signing up user:   
  
 1]
[WARN][auth.go:63]2020/09/14 19:34:54 
[%v Error 1054: Unknown column 'is_del' in 'field list']
[INFO][auth.go:51]2020/09/14 19:35:43 
[{  1}]
[INFO][auth.go:49]2020/09/14 19:35:43 
[Signing up user:   
  
 1]
[WARN][auth.go:64]2020/09/14 19:35:43 
[%v Error 1054: Unknown column 'is_del' in 'field list']
[INFO][auth.go:49]2020/09/14 19:39:03 
[Signing up user:   
  
 2]
[WARN][auth.go:64]2020/09/14 19:39:03 
[%v Error 1054: Unknown column 'is_del' in 'field list']
[INFO][auth.go:61]2020/09/14 19:44:55 
[map[role:1]]
[INFO][auth.go:61]2020/09/14 19:45:25 
[0xc0000a2780]
[INFO][auth.go:66]2020/09/14 19:56:22 
[It's of type %v <nil>]
[WARN][auth.go:60]2020/09/14 20:00:43 
[map[role:1]]
[INFO][auth.go:67]2020/09/14 20:00:43 
[It's of type %v <nil>]
[WARN][auth.go:60]2020/09/14 20:04:51 
[map[password:test role:1 username:testy]]
[INFO][auth.go:63]2020/09/14 20:04:51 
[It's a string]
[INFO][auth.go:49]2020/09/14 20:04:51 
[Signing up user:  map[password:test role:1 username:testy]]
[WARN][auth.go:73]2020/09/14 20:08:25 
[%v Error 1054: Unknown column 'is_del' in 'field list']
[INFO][auth.go:65]2020/09/14 20:09:12 
[Signing up new user:  {0 testy $2a$08$kAhkwAWwVbGmf6aBqgBNvuo4z3ESzKku/LTAUXpeQ.CabZHUmxWK2 1 0}]
[WARN][auth.go:73]2020/09/14 20:09:12 
[%v Error 1054: Unknown column 'is_del' in 'field list']
[INFO][auth.go:65]2020/09/14 20:12:11 
[Signing up new user:  {0 testy $2a$08$Bpey8GJyYSGLuNc8L2zqrunYC6lT.kCQDajUK4vuRAehTGEjb.RWS 1 0}]
[WARN][auth.go:73]2020/09/14 20:12:11 
[%v Error 1452: Cannot add or update a child row: a foreign key constraint fails (`cairde`.`users`, CONSTRAINT `users_ibfk_1` FOREIGN KEY (`role`) REFERENCES `roles` (`id`))]
[INFO][auth.go:65]2020/09/14 20:13:12 
[Signing up new user:  {0 testy $2a$08$cB.WN.kWfc3lPVM3Lm0M6O47kuibtzuVsVSRn.YTAwdEisgK3mAj6 1 0}]
[INFO][auth.go:20]2020/09/14 20:55:26 
[Checking Username,  ]
[INFO][auth.go:32]2020/09/14 21:02:14 
[Checking Username,  ]
[INFO][auth.go:33]2020/09/14 21:04:03 
[Checking Username,  ]
[INFO][auth.go:33]2020/09/14 21:04:51 
[Checking Username,  ]
[INFO][auth.go:32]2020/09/14 21:06:43 
[Checking Username,  ]
[INFO][auth.go:32]2020/09/14 21:08:16 
[Checking Username,  ]
[INFO][auth.go:37]2020/09/14 21:09:25 
[Checking Username,  ]
[INFO][auth.go:38]2020/09/14 21:36:19 
[Checking Username,  ]
[INFO][auth.go:38]2020/09/14 21:42:42 
[Checking Username,  ]
[INFO][auth.go:39]2020/09/14 21:42:42 
[Checking username,  ]
[INFO][auth.go:40]2020/09/14 21:42:42 
[Checking userName,  0xc000260160]
[INFO][auth.go:29]2020/09/14 21:44:44 
[user { }]
[INFO][auth.go:38]2020/09/14 21:44:44 
[userinterface map[password: username:]]
[INFO][auth.go:40]2020/09/14 21:44:44 
[Checking Username,  ]
[INFO][auth.go:41]2020/09/14 21:44:44 
[Checking username,  ]
[INFO][auth.go:42]2020/09/14 21:44:44 
[Checking userName,  0xc000398540]
[DEBUG][auth.go:18]2020/09/14 21:49:36 
[context:
 0xc00037e000]
[INFO][auth.go:25]2020/09/14 21:49:36 
[user {  0}]
[INFO][auth.go:34]2020/09/14 21:49:36 
[userinterface map[password: role:0 username:]]
[INFO][auth.go:36]2020/09/14 21:49:36 
[Checking Username,  ]
[INFO][auth.go:37]2020/09/14 21:49:36 
[Checking username,  ]
[INFO][auth.go:38]2020/09/14 21:49:36 
[Checking userName,  0xc0003965d0]
[DEBUG][auth.go:18]2020/09/14 21:49:55 
[context:
 0xc000276178]
[INFO][auth.go:25]2020/09/14 21:49:55 
[user {  0}]
[INFO][auth.go:34]2020/09/14 21:49:55 
[userinterface map[password: role:0 username:]]
[INFO][auth.go:36]2020/09/14 21:49:55 
[Checking Username,  ]
[INFO][auth.go:37]2020/09/14 21:49:55 
[Checking username,  ]
[INFO][auth.go:38]2020/09/14 21:49:55 
[Checking userName,  0xc000272d50]
[DEBUG][auth.go:18]2020/09/14 21:54:10 
[context:
 0xc0003d8000]
[INFO][auth.go:25]2020/09/14 21:54:10 
[user {  0}]
[INFO][auth.go:37]2020/09/14 21:54:10 
[ ]
[INFO][auth.go:39]2020/09/14 21:54:10 
[userinterface map[password: role:0 username:]]
[INFO][auth.go:41]2020/09/14 21:54:10 
[Checking Username,  ]
[INFO][auth.go:42]2020/09/14 21:54:10 
[Checking username,  ]
[INFO][auth.go:43]2020/09/14 21:54:10 
[Checking userName,  0xc000372cf0]
[DEBUG][auth.go:18]2020/09/14 21:55:52 
[context:
 0xc0002b2e10]
[INFO][auth.go:25]2020/09/14 21:55:52 
[user {  0}]
[INFO][auth.go:37]2020/09/14 21:55:52 
[ ]
[INFO][auth.go:39]2020/09/14 21:55:52 
[userinterface map[password: role:0 username:]]
[INFO][auth.go:41]2020/09/14 21:55:52 
[Checking Username,  ]
[INFO][auth.go:42]2020/09/14 21:55:52 
[Checking username,  ]
[INFO][auth.go:43]2020/09/14 21:55:52 
[Checking userName,  0xc000349d40]
